<?xml version="1.0" encoding="UTF-8"?>
<!-- Generated by org.testng.reporters.JUnitReportReporter -->
<testsuite hostname="DESKTOP-VQ7JGUL" failures="0" tests="1" name="Innojc.House_Party.GeneralStore_TCS" time="34.889" errors="0" timestamp="2023-04-27T12:47:22 IST" skipped="0">
  <testcase classname="Innojc.House_Party.GeneralStore_TCS" name="test4" time="34.889"/>
  <system-out/>
</testsuite> <!-- Innojc.House_Party.GeneralStore_TCS -->
