<?xml version="1.0" encoding="UTF-8"?>
<!-- Generated by org.testng.reporters.JUnitReportReporter -->
<testsuite hostname="DESKTOP-VQ7JGUL" failures="0" tests="1" name="Innojc.House_Party.Base" time="17.216" errors="0" timestamp="2023-03-15T17:27:58 IST" skipped="0">
  <testcase classname="Innojc.House_Party.Base" name="OpenApp" time="17.216"/>
  <system-out/>
</testsuite> <!-- Innojc.House_Party.Base -->
