<?xml version="1.0" encoding="UTF-8"?>
<!-- Generated by org.testng.reporters.JUnitReportReporter -->
<testsuite hostname="DESKTOP-VQ7JGUL" failures="0" tests="1" name="Innojc.House_Party.SrollAndClick" time="8.567" errors="0" timestamp="2023-03-20T11:15:34 IST" skipped="0">
  <testcase classname="Innojc.House_Party.SrollAndClick" name="SrollGesture" time="8.567"/>
  <system-out/>
</testsuite> <!-- Innojc.House_Party.SrollAndClick -->
