<?xml version="1.0" encoding="UTF-8"?>
<!-- Generated by org.testng.reporters.JUnitReportReporter -->
<testsuite hostname="DESKTOP-VQ7JGUL" failures="0" tests="1" name="General_Store.MainClass" time="13.006" errors="0" timestamp="2023-04-27T12:37:52 IST" skipped="0">
  <testcase classname="General_Store.MainClass" name="SignForm" time="13.006"/>
  <system-out/>
</testsuite> <!-- General_Store.MainClass -->
