<?xml version="1.0" encoding="UTF-8"?>
<!-- Generated by org.testng.reporters.JUnitReportReporter -->
<testsuite hostname="DESKTOP-VQ7JGUL" failures="0" tests="1" name="General_Store.BaseClass" time="17.054" errors="0" timestamp="2023-03-29T16:14:12 IST" skipped="0">
  <testcase classname="General_Store.BaseClass" name="OpenApp" time="17.054"/>
  <system-out/>
</testsuite> <!-- General_Store.BaseClass -->
